<?xml version='1.0' encoding='UTF-8'?>
<testsuite hostname="Clelios-MBP.home" name="com.lightbend.training.coffeehouse.CoffeeHouseAppSpec" tests="2" errors="0" failures="0" skipped="0" time="0.039" timestamp="2020-05-09T15:44:22">
                     <properties>
      <property name="awt.toolkit" value="sun.lwawt.macosx.LWCToolkit"/><property name="java.specification.version" value="11"/><property name="sun.cpu.isalist" value=""/><property name="sun.jnu.encoding" value="UTF-8"/><property name="sun.arch.data.model" value="64"/><property name="java.vendor.url" value="https://adoptopenjdk.net/"/><property name="sun.boot.library.path" value="/Users/clelio/.sdkman/candidates/java/11.0.5.hs-adpt/lib"/><property name="sun.java.command" value="/Users/clelio/.sdkman/candidates/sbt/1.3.3/bin/sbt-launch.jar"/><property name="jdk.debug" value="release"/><property name="java.specification.vendor" value="Oracle Corporation"/><property name="java.version.date" value="2019-10-15"/><property name="java.home" value="/Users/clelio/.sdkman/candidates/java/11.0.5.hs-adpt"/><property name="file.separator" value="/"/><property name="java.vm.compressedOopsMode" value="Zero based"/><property name="line.separator" value="
"/><property name="java.specification.name" value="Java Platform API Specification"/><property name="java.vm.specification.vendor" value="Oracle Corporation"/><property name="sun.management.compiler" value="HotSpot 64-Bit Tiered Compilers"/><property name="java.runtime.version" value="11.0.5+10"/><property name="user.name" value="clelio"/><property name="file.encoding" value="UTF-8"/><property name="jnidispatch.path" value="/var/folders/y6/1j7fglzj6r52r0n_dn6thncm0000gn/T/jna--1357825034/jna511829561048680419.tmp"/><property name="java.vendor.version" value="AdoptOpenJDK"/><property name="jna.loaded" value="true"/><property name="java.io.tmpdir" value="/var/folders/y6/1j7fglzj6r52r0n_dn6thncm0000gn/T/"/><property name="java.version" value="11.0.5"/><property name="java.vm.specification.name" value="Java Virtual Machine Specification"/><property name="java.awt.printerjob" value="sun.lwawt.macosx.CPrinterJob"/><property name="sun.os.patch.level" value="unknown"/><property name="java.library.path" value="/Users/clelio/Library/Java/Extensions:/Library/Java/Extensions:/Network/Library/Java/Extensions:/System/Library/Java/Extensions:/usr/lib/java:."/><property name="java.vendor" value="AdoptOpenJDK"/><property name="scala.ext.dirs" value="/Users/clelio/.sbt/0.13/java9-rt-ext-adoptopenjdk_11_0_5"/><property name="sun.io.unicode.encoding" value="UnicodeBig"/><property name="socksNonProxyHosts" value="local|*.local|169.254/16|*.169.254/16"/><property name="gopherProxySet" value="false"/><property name="java.class.path" value="/Users/clelio/.sdkman/candidates/sbt/1.3.3/bin/sbt-launch.jar"/><property name="java.vm.vendor" value="AdoptOpenJDK"/><property name="jline.shutdownhook" value="false"/><property name="user.timezone" value="GMT"/><property name="os.name" value="Mac OS X"/><property name="java.vm.specification.version" value="11"/><property name="sun.java.launcher" value="SUN_STANDARD"/><property name="user.country" value="GB"/><property name="http.nonProxyHosts" value="local|*.local|169.254/16|*.169.254/16"/><property name="sun.cpu.endian" value="little"/><property name="user.home" value="/Users/clelio"/><property name="user.language" value="en"/><property name="java.awt.graphicsenv" value="sun.awt.CGraphicsEnvironment"/><property name="jline.esc.timeout" value="0"/><property name="ftp.nonProxyHosts" value="local|*.local|169.254/16|*.169.254/16"/><property name="path.separator" value=":"/><property name="os.version" value="10.15.4"/><property name="jna.nosys" value="true"/><property name="java.runtime.name" value="OpenJDK Runtime Environment"/><property name="java.vm.name" value="OpenJDK 64-Bit Server VM"/><property name="jna.platform.library.path" value="/usr/lib:/usr/lib"/><property name="java.vendor.url.bug" value="https://github.com/AdoptOpenJDK/openjdk-build/issues"/><property name="user.dir" value="/Users/clelio/Development/Akka-Course-Lightbend/lightbend-akka-for-scala-professional/LAS-P-lightbend-akka-for-scala-professional-v1"/><property name="os.arch" value="x86_64"/><property name="java.vm.info" value="mixed mode"/><property name="java.vm.version" value="11.0.5+10"/><property name="java.class.version" value="55.0"/>
    </properties>
                     <testcase classname="com.lightbend.training.coffeehouse.CoffeeHouseAppSpec" name="Calling argsToOpts should return the correct opts for the given args" time="0.035">
                                                 
                                               </testcase><testcase classname="com.lightbend.training.coffeehouse.CoffeeHouseAppSpec" name="Calling applySystemProperties should apply the system properties for the given opts" time="0.004">
                                                 
                                               </testcase>
                     <system-out><![CDATA[]]></system-out>
                     <system-err><![CDATA[]]></system-err>
                   </testsuite>